
**** Build of configuration Debug for project ec540_lab1_SOS_soft_delay ****

"C:\\ti\\ccsv5\\utils\\bin\\gmake" -k all 
'Building file: ../main.c'
'Invoking: MSP430 Compiler'
"C:/ti/ccsv5/tools/compiler/msp430_4.1.5/bin/cl430" -vmsp --abi=eabi -g --include_path="C:/ti/ccsv5/ccs_base/msp430/include" --include_path="../ec580_lab1_SOS_software_delay_Submitted/inc" --include_path="C:/ti/ccsv5/tools/compiler/msp430_4.1.5/include" --advice:power=all --define=__MSP430G2553__ --diag_warning=225 --display_error_number --diag_wrap=off --printf_support=minimal --preproc_with_compile --preproc_dependency="main.pp"  "../main.c"
"../main.c", line 44: remark #1544-D: (ULP 13.1) Detected loop counting up. Recommend loops count down as detecting zeros is easier
"../main.c", line 44: remark #1527-D: (ULP 2.1) Detected SW delay loop using empty loop. Recommend using a timer module instead
"../main.c", line 45: remark #1544-D: (ULP 13.1) Detected loop counting up. Recommend loops count down as detecting zeros is easier
"../main.c", line 45: remark #1527-D: (ULP 2.1) Detected SW delay loop using empty loop. Recommend using a timer module instead
"../main.c", line 54: remark #1544-D: (ULP 13.1) Detected loop counting up. Recommend loops count down as detecting zeros is easier
'Finished building: ../main.c'
' '
'Building target: ec540_lab1_SOS_soft_delay.out'
'Invoking: MSP430 Linker'
"C:/ti/ccsv5/tools/compiler/msp430_4.1.5/bin/cl430" -vmsp --abi=eabi -g --advice:power=all --define=__MSP430G2553__ --diag_warning=225 --display_error_number --diag_wrap=off --printf_support=minimal -z --stack_size=80 -m"ec540_lab1_SOS_soft_delay.map" --heap_size=80 --reread_libs --warn_sections --display_error_number --diag_wrap=off --xml_link_info="ec540_lab1_SOS_soft_delay_linkInfo.xml" --rom_model -o "ec540_lab1_SOS_soft_delay.out"  "./main.obj" "../lnk_msp430g2553.cmd" 
<Linking>
error #10008-D: cannot find file "msp430g2553.cmd"
warning #10208-D: automatic RTS selection:  attempt to automatically link in index library "libc.a" failed; file not found
error #10198-D: no input section is linked in
"../lnk_msp430g2553.cmd", line 111: warning #10374-D: Interrupt vector "PORT1" does not have an interrupt handler routine.
"../lnk_msp430g2553.cmd", line 112: warning #10374-D: Interrupt vector "PORT2" does not have an interrupt handler routine.
"../lnk_msp430g2553.cmd", line 114: warning #10374-D: Interrupt vector "ADC10" does not have an interrupt handler routine.
"../lnk_msp430g2553.cmd", line 115: warning #10374-D: Interrupt vector "USCIAB0TX" does not have an interrupt handler routine.
remark #10371-D: (ULP 1.1) Detected no uses of low power mode state changes using LPMx or _bis_SR_register() or __low_power_mode_x() in this project.
"../lnk_msp430g2553.cmd", line 116: warning #10374-D: Interrupt vector "USCIAB0RX" does not have an interrupt handler routine.
remark #10372-D: (ULP 4.1) Detected uninitialized Port 2 in this project. Recommend initializing all unused ports to eliminate wasted current consumption on unused pins.
"../lnk_msp430g2553.cmd", line 117: warning #10374-D: Interrupt vector "TIMER0_A1" does not have an interrupt handler routine.
"../lnk_msp430g2553.cmd", line 118: warning #10374-D: Interrupt vector "TIMER0_A0" does not have an interrupt handler routine.
remark #10372-D: (ULP 4.1) Detected uninitialized Port 3 in this project. Recommend initializing all unused ports to eliminate wasted current consumption on unused pins.
"../lnk_msp430g2553.cmd", line 119: warning #10374-D: Interrupt vector "WDT" does not have an interrupt handler routine.

>> Compilation failure
"../lnk_msp430g2553.cmd", line 120: warning #10374-D: Interrupt vector "COMPARATORA" does not have an interrupt handler routine.
"../lnk_msp430g2553.cmd", line 121: warning #10374-D: Interrupt vector "TIMER1_A1" does not have an interrupt handler routine.
"../lnk_msp430g2553.cmd", line 122: warning #10374-D: Interrupt vector "TIMER1_A0" does not have an interrupt handler routine.
"../lnk_msp430g2553.cmd", line 123: warning #10374-D: Interrupt vector "NMI" does not have an interrupt handler routine.
warning #10062-D: entry-point symbol "_c_int00" undefined
warning #10202-D: no suitable entry-point found; setting to 0
error #10010: errors encountered during linking; "ec540_lab1_SOS_soft_delay.out" not built
gmake: *** [ec540_lab1_SOS_soft_delay.out] Error 1
gmake: Target `all' not remade because of errors.

**** Build Finished ****
