
**** Build of configuration Debug for project ec580_lab1_SOS_software_delay ****

"C:\\ti\\ccsv5\\utils\\bin\\gmake" -k all 
'Building target: ec580_lab1_SOS_software_delay.out'
'Invoking: MSP430 Linker'
"C:/ti/ccsv5/tools/compiler/msp430_4.1.5/bin/cl430" -vmsp --abi=eabi -g --advice:power=all --define=__MSP430G2553__ --diag_warning=225 --display_error_number --diag_wrap=off --printf_support=minimal -z --stack_size=80 -m"ec580_lab1_SOS_software_delay.map" --heap_size=80 --reread_libs --warn_sections --display_error_number --diag_wrap=off --xml_link_info="ec580_lab1_SOS_software_delay_linkInfo.xml" --rom_model -o "ec580_lab1_SOS_software_delay.out"  "./main.obj" "./letters.obj" "../lnk_msp430g2553.cmd" 
<Linking>
remark #10371-D: (ULP 1.1) Detected no uses of low power mode state changes using LPMx or _bis_SR_register() or __low_power_mode_x() in this project.
remark #10372-D: (ULP 4.1) Detected uninitialized Port 2 in this project. Recommend initializing all unused ports to eliminate wasted current consumption on unused pins.
error #10008-D: cannot find file "msp430g2553.cmd"
remark #10372-D: (ULP 4.1) Detected uninitialized Port 3 in this project. Recommend initializing all unused ports to eliminate wasted current consumption on unused pins.
warning #10208-D: automatic RTS selection:  attempt to automatically link in index library "libc.a" failed; file not found

>> Compilation failure
error #10198-D: no input section is linked in
"../lnk_msp430g2553.cmd", line 111: warning #10374-D: Interrupt vector "PORT1" does not have an interrupt handler routine.
"../lnk_msp430g2553.cmd", line 112: warning #10374-D: Interrupt vector "PORT2" does not have an interrupt handler routine.
"../lnk_msp430g2553.cmd", line 114: warning #10374-D: Interrupt vector "ADC10" does not have an interrupt handler routine.
"../lnk_msp430g2553.cmd", line 115: warning #10374-D: Interrupt vector "USCIAB0TX" does not have an interrupt handler routine.
"../lnk_msp430g2553.cmd", line 116: warning #10374-D: Interrupt vector "USCIAB0RX" does not have an interrupt handler routine.
"../lnk_msp430g2553.cmd", line 117: warning #10374-D: Interrupt vector "TIMER0_A1" does not have an interrupt handler routine.
"../lnk_msp430g2553.cmd", line 118: warning #10374-D: Interrupt vector "TIMER0_A0" does not have an interrupt handler routine.
"../lnk_msp430g2553.cmd", line 119: warning #10374-D: Interrupt vector "WDT" does not have an interrupt handler routine.
"../lnk_msp430g2553.cmd", line 120: warning #10374-D: Interrupt vector "COMPARATORA" does not have an interrupt handler routine.
"../lnk_msp430g2553.cmd", line 121: warning #10374-D: Interrupt vector "TIMER1_A1" does not have an interrupt handler routine.
"../lnk_msp430g2553.cmd", line 122: warning #10374-D: Interrupt vector "TIMER1_A0" does not have an interrupt handler routine.
"../lnk_msp430g2553.cmd", line 123: warning #10374-D: Interrupt vector "NMI" does not have an interrupt handler routine.
warning #10062-D: entry-point symbol "_c_int00" undefined
warning #10202-D: no suitable entry-point found; setting to 0
error #10010: errors encountered during linking; "ec580_lab1_SOS_software_delay.out" not built
gmake: *** [ec580_lab1_SOS_software_delay.out] Error 1
gmake: Target `all' not remade because of errors.

**** Build Finished ****
